<?xml version="1.0" encoding="UTF-8"?>
<testng-results ignored="0" total="1" passed="0" failed="1" skipped="0">
  <reporter-output>
  </reporter-output>
  <suite started-at="2023-11-05T22:52:47 IST" name="Default suite" finished-at="2023-11-05T22:53:52 IST" duration-ms="65193">
    <groups>
      <group name="cucumber">
        <method signature="AbstractTestNGCucumberTests.runScenario(io.cucumber.testng.PickleWrapper,io.cucumber.testng.FeatureWrapper)[pri:0, instance:runner.TestRunner@6f1de4c7]" name="runScenario" class="io.cucumber.testng.AbstractTestNGCucumberTests"/>
      </group> <!-- cucumber -->
    </groups>
    <test started-at="2023-11-05T22:52:47 IST" name="Default test" finished-at="2023-11-05T22:53:52 IST" duration-ms="65193">
      <class name="runner.TestRunner">
        <test-method is-config="true" signature="setUpClass(org.testng.ITestContext)[pri:0, instance:runner.TestRunner@6f1de4c7]" started-at="2023-11-05T22:52:47 IST" name="setUpClass" finished-at="2023-11-05T22:52:48 IST" duration-ms="948" status="PASS">
          <params>
            <param index="0">
              <value>
                <![CDATA[org.testng.TestRunner@7bfc3126]]>
              </value>
            </param>
          </params>
          <reporter-output>
          </reporter-output>
        </test-method> <!-- setUpClass -->
        <test-method signature="runScenario(io.cucumber.testng.PickleWrapper,io.cucumber.testng.FeatureWrapper)[pri:0, instance:runner.TestRunner@6f1de4c7]" started-at="2023-11-05T22:52:48 IST" name="runScenario" description="Runs Cucumber Scenarios" data-provider="scenarios" finished-at="2023-11-05T22:53:52 IST" duration-ms="63791" status="FAIL">
          <params>
            <param index="0">
              <value>
                <![CDATA["Validate number, title, and duration of slides below the Tickets Menu on DP1 home page"]]>
              </value>
            </param>
            <param index="1">
              <value>
                <![CDATA["Optional[Slide Validation on DP1 Home Page]"]]>
              </value>
            </param>
          </params>
          <exception class="java.lang.AssertionError">
            <message>
              <![CDATA[Expected [4, 10, 10, 10] of slides, but found [2, 10, 10, 10]]]>
            </message>
            <full-stacktrace>
              <![CDATA[java.lang.AssertionError: Expected [4, 10, 10, 10] of slides, but found [2, 10, 10, 10]
at pages.DerivedProduct1.verifySlideDurations(DerivedProduct1.java:120)
at stepDef.DerivedProduct1_Steps.theSlideDurationsShouldMatchTheExpectedDurations(DerivedProduct1_Steps.java:65)
at âœ½.the slide durations should match the expected durations(file:///D:/Technology/shiva/framework/shiva.assessment/derived-product1-tests/src/test/resources/features/TestCase3_DP1.feature:13)
]]>
            </full-stacktrace>
          </exception> <!-- java.lang.AssertionError -->
          <reporter-output>
          </reporter-output>
        </test-method> <!-- runScenario -->
        <test-method is-config="true" signature="tearDownClass()[pri:0, instance:runner.TestRunner@6f1de4c7]" started-at="2023-11-05T22:53:52 IST" name="tearDownClass" finished-at="2023-11-05T22:53:52 IST" duration-ms="392" status="PASS">
          <reporter-output>
          </reporter-output>
        </test-method> <!-- tearDownClass -->
      </class> <!-- runner.TestRunner -->
    </test> <!-- Default test -->
  </suite> <!-- Default suite -->
</testng-results>
