<?xml version="1.0" encoding="UTF-8"?>
<!-- Generated by org.testng.reporters.JUnitReportReporter -->
<testsuite hostname="LAPTOP-ED3B4Q90" failures="1" tests="1" name="runner.TestRunner" time="63.791" errors="0" timestamp="2023-11-05T22:53:53 IST" skipped="0">
  <testcase classname="runner.TestRunner" name="runScenario" time="63.791">
    <failure message="Expected [4, 10, 10, 10] of slides, but found [2, 10, 10, 10]" type="java.lang.AssertionError">
      <![CDATA[java.lang.AssertionError: Expected [4, 10, 10, 10] of slides, but found [2, 10, 10, 10]
at pages.DerivedProduct1.verifySlideDurations(DerivedProduct1.java:120)
at stepDef.DerivedProduct1_Steps.theSlideDurationsShouldMatchTheExpectedDurations(DerivedProduct1_Steps.java:65)
at âœ½.the slide durations should match the expected durations(file:///D:/Technology/shiva/framework/shiva.assessment/derived-product1-tests/src/test/resources/features/TestCase3_DP1.feature:13)
]]>
    </failure>
  </testcase> <!-- runScenario -->
  <system-out/>
</testsuite> <!-- runner.TestRunner -->
