<?xml version="1.0" encoding="UTF-8"?>
<!-- Generated by org.testng.reporters.JUnitXMLReporter -->
<testsuite ignored="0" hostname="LAPTOP-ED3B4Q90" failures="1" tests="1" name="Default test" time="65.193" errors="0" timestamp="2023-11-05T22:53:52 IST">
  <testcase classname="io.cucumber.testng.AbstractTestNGCucumberTests" name="runScenario" time="63.791">
    <failure type="java.lang.AssertionError" message="Expected [4, 10, 10, 10] of slides, but found [2, 10, 10, 10]">
      <![CDATA[java.lang.AssertionError: Expected [4, 10, 10, 10] of slides, but found [2, 10, 10, 10]
at pages.DerivedProduct1.verifySlideDurations(DerivedProduct1.java:120)
at stepDef.DerivedProduct1_Steps.theSlideDurationsShouldMatchTheExpectedDurations(DerivedProduct1_Steps.java:65)
at âœ½.the slide durations should match the expected durations(file:///D:/Technology/shiva/framework/shiva.assessment/derived-product1-tests/src/test/resources/features/TestCase3_DP1.feature:13)
]]>
    </failure>
  </testcase> <!-- runScenario -->
</testsuite> <!-- Default test -->
