<html>
<head>
<title>TestNG:  Default test</title>
<link href="../testng.css" rel="stylesheet" type="text/css" />
<link href="../my-testng.css" rel="stylesheet" type="text/css" />

<style type="text/css">
.log { display: none;} 
.stack-trace { display: none;} 
</style>
<script type="text/javascript">
<!--
function flip(e) {
  current = e.style.display;
  if (current == 'block') {
    e.style.display = 'none';
    return 0;
  }
  else {
    e.style.display = 'block';
    return 1;
  }
}

function toggleBox(szDivId, elem, msg1, msg2)
{
  var res = -1;  if (document.getElementById) {
    res = flip(document.getElementById(szDivId));
  }
  else if (document.all) {
    // this is the way old msie versions work
    res = flip(document.all[szDivId]);
  }
  if(elem) {
    if(res == 0) elem.innerHTML = msg1; else elem.innerHTML = msg2;
  }

}

function toggleAllBoxes() {
  if (document.getElementsByTagName) {
    d = document.getElementsByTagName('div');
    for (i = 0; i < d.length; i++) {
      if (d[i].className == 'log') {
        flip(d[i]);
      }
    }
  }
}

// -->
</script>

</head>
<body>
<h2 align='center'>Default test</h2><table border='1' align="center">
<tr>
<td>Tests passed/Failed/Skipped:</td><td>0/1/0</td>
</tr><tr>
<td>Started on:</td><td>Sun Nov 05 22:52:47 IST 2023</td>
</tr>
<tr><td>Total time:</td><td>65 seconds (65193 ms)</td>
</tr><tr>
<td>Included groups:</td><td></td>
</tr><tr>
<td>Excluded groups:</td><td></td>
</tr>
</table><p/>
<small><i>(Hover the method name to see the test class name)</i></small><p/>
<table width='100%' border='1' class='invocation-failed'>
<tr><td colspan='4' align='center'><b>FAILED TESTS</b></td></tr>
<tr><td><b>Test method</b></td>
<td width="30%"><b>Exception</b></td>
<td width="10%"><b>Time (seconds)</b></td>
<td><b>Instance</b></td>
</tr>
<tr>
<td title='runner.TestRunner.runScenario()'><b>runScenario</b><br>Test class: runner.TestRunner<br>Test method: Runs Cucumber Scenarios<br>Parameters: "Validate number, title, and duration of slides below the Tickets Menu on DP1 home page", "Optional[Slide Validation on DP1 Home Page]"</td>
<td><div><pre>java.lang.AssertionError: Expected [4, 10, 10, 10] of slides, but found [2, 10, 10, 10]
	at pages.DerivedProduct1.verifySlideDurations(DerivedProduct1.java:120)
	at stepDef.DerivedProduct1_Steps.theSlideDurationsShouldMatchTheExpectedDurations(DerivedProduct1_Steps.java:65)
	at ?.the slide durations should match the expected durations(file:///D:/Technology/shiva/framework/shiva.assessment/derived-product1-tests/src/test/resources/features/TestCase3_DP1.feature:13)
</pre></div><a href='#' onClick='toggleBox("stack-trace1417907430", this, "Click to show all stack frames", "Click to hide stack frames")'>Click to show all stack frames</a>
<div class='stack-trace' id='stack-trace1417907430'><pre>java.lang.AssertionError: Expected [4, 10, 10, 10] of slides, but found [2, 10, 10, 10]
	at pages.DerivedProduct1.verifySlideDurations(DerivedProduct1.java:120)
	at stepDef.DerivedProduct1_Steps.theSlideDurationsShouldMatchTheExpectedDurations(DerivedProduct1_Steps.java:65)
	at ?.the slide durations should match the expected durations(file:///D:/Technology/shiva/framework/shiva.assessment/derived-product1-tests/src/test/resources/features/TestCase3_DP1.feature:13)
</pre></div></td>
<td>63</td>
<td>runner.TestRunner@6f1de4c7</td></tr>
</table><p>
</body>
</html>